<?xml version="1.0" encoding="UTF-8"?>
<!-- Generated by org.testng.reporters.JUnitReportReporter -->
<testsuite hostname="DESKTOP-OLV59GM" failures="0" tests="1" name="samplecalc.AdditionTest" time="0.004" errors="0" timestamp="2024-02-06T11:40:54 IST" skipped="0">
  <testcase classname="samplecalc.AdditionTest" name="add" time="0.004"/>
</testsuite> <!-- samplecalc.AdditionTest -->
